<?xml version="1.0" encoding="UTF-8"?>
<!-- Generated by org.testng.reporters.JUnitReportReporter -->
<testsuite hostname="MSOMPURA-LT" name="com.ironmountain.kanawha.tests.branding.ApplyAndVerifyBrandingTest" tests="1" failures="1" timestamp="5 Aug 2011 09:19:28 GMT" time="2559" errors="0">
  <testcase name="applyAndVerifyBranding" time="2559" classname="com.ironmountain.kanawha.tests.branding.ApplyAndVerifyBrandingTest"/>
</testsuite>
