<?xml version="1.0" encoding="UTF-8"?>
<!-- Generated by org.testng.reporters.JUnitReportReporter -->
<testsuite hostname="MSOMPURA-LT" name="com.ironmountain.kanawha.tests.branding.BrandingInheritanceTest" tests="1" failures="1" timestamp="8 Aug 2011 06:56:20 GMT" time="3078" errors="0">
  <testcase name="brandingInheritance" time="3078" classname="com.ironmountain.kanawha.tests.branding.BrandingInheritanceTest"/>
</testsuite>
