<?xml version="1.0" encoding="UTF-8"?>
<!-- Generated by org.testng.reporters.JUnitReportReporter -->
<testsuite hostname="MSOMPURA-LT" name="com.ironmountain.kanawha.tests.branding.ApplyChangeResetBrandingTest" tests="1" failures="1" timestamp="5 Aug 2011 09:04:14 GMT" time="5951" errors="0">
  <testcase name="applyChangeResetBranding" time="5951" classname="com.ironmountain.kanawha.tests.branding.ApplyChangeResetBrandingTest"/>
</testsuite>
